time="2026-04-16T16:20:54Z" level=warning msg="Docker Compose requires buildx plugin to be installed"
 Image project-app Building 
 Image project-app Building 
Sending build context to Docker daemon  526.2kBSending build context to Docker daemon  2.624MBSending build context to Docker daemon  4.724MBSending build context to Docker daemon  6.823MBSending build context to Docker daemon  8.396MBSending build context to Docker daemon  9.445MBSending build context to Docker daemon  11.02MBSending build context to Docker daemon  12.59MBSending build context to Docker daemon  12.72MB
Step 1/10 : FROM python:3.13-slim
 ---> a6f700b96627
Step 2/10 : RUN apt-get update && apt-get install -y --no-install-recommends         poppler-utils ffmpeg git ca-certificates curl     && install -m 0755 -d /etc/apt/keyrings     && curl -fsSL https://download.docker.com/linux/debian/gpg -o /etc/apt/keyrings/docker.asc     && chmod a+r /etc/apt/keyrings/docker.asc     && echo "deb [arch=$(dpkg --print-architecture) signed-by=/etc/apt/keyrings/docker.asc]         https://download.docker.com/linux/debian $(. /etc/os-release && echo "$VERSION_CODENAME") stable"         | tee /etc/apt/sources.list.d/docker.list > /dev/null     && apt-get update     && apt-get install -y --no-install-recommends docker-ce-cli docker-compose-plugin     && rm -rf /var/lib/apt/lists/*
 ---> Using cache
 ---> d33149f50ef7
Step 3/10 : RUN git config --global --add safe.directory /project
 ---> Running in 3d31425c695d
 ---> Removed intermediate container 3d31425c695d
 ---> 7355b65b5745
Step 4/10 : WORKDIR /app
 ---> Running in dcf0a3a48945
 ---> Removed intermediate container dcf0a3a48945
 ---> eaa961dfce34
Step 5/10 : COPY web/requirements.txt /app/requirements.txt
 ---> 4a81a269895c
Step 6/10 : RUN pip install --upgrade "pip==24.3.1"     && pip install --no-cache-dir -r requirements.txt
 ---> Running in 288357efa91f
Collecting pip==24.3.1
  Downloading pip-24.3.1-py3-none-any.whl.metadata (3.7 kB)
Downloading pip-24.3.1-py3-none-any.whl (1.8 MB)
   ━━━━━━━━━━━━━━━━━━━━━━━━━━━━━━━━━━━━━━━━ 1.8/1.8 MB 18.2 MB/s  0:00:00
Installing collected packages: pip
  Attempting uninstall: pip
    Found existing installation: pip 26.0.1
    Uninstalling pip-26.0.1:
      Successfully uninstalled pip-26.0.1
Successfully installed pip-24.3.1
[91mWARNING: Running pip as the 'root' user can result in broken permissions and conflicting behaviour with the system package manager, possibly rendering your system unusable. It is recommended to use a virtual environment instead: https://pip.pypa.io/warnings/venv. Use the --root-user-action option if you know what you are doing and want to suppress this warning.
[0m[91m
[notice] A new release of pip is available: 24.3.1 -> 26.0.1
[notice] To update, run: pip install --upgrade pip
[0mCollecting Flask (from -r requirements.txt (line 1))
  Downloading flask-3.1.3-py3-none-any.whl.metadata (3.2 kB)
Collecting gunicorn (from -r requirements.txt (line 2))
  Downloading gunicorn-25.3.0-py3-none-any.whl.metadata (5.5 kB)
Collecting Pillow (from -r requirements.txt (line 3))
  Downloading pillow-12.2.0-cp313-cp313-manylinux_2_27_x86_64.manylinux_2_28_x86_64.whl.metadata (8.8 kB)
Collecting pdf2image (from -r requirements.txt (line 4))
  Downloading pdf2image-1.17.0-py3-none-any.whl.metadata (6.2 kB)
Collecting unidecode (from -r requirements.txt (line 5))
  Downloading Unidecode-1.4.0-py3-none-any.whl.metadata (13 kB)
Collecting requests (from -r requirements.txt (line 6))
  Downloading requests-2.33.1-py3-none-any.whl.metadata (4.8 kB)
Collecting blinker>=1.9.0 (from Flask->-r requirements.txt (line 1))
  Downloading blinker-1.9.0-py3-none-any.whl.metadata (1.6 kB)
Collecting click>=8.1.3 (from Flask->-r requirements.txt (line 1))
  Downloading click-8.3.2-py3-none-any.whl.metadata (2.6 kB)
Collecting itsdangerous>=2.2.0 (from Flask->-r requirements.txt (line 1))
  Downloading itsdangerous-2.2.0-py3-none-any.whl.metadata (1.9 kB)
Collecting jinja2>=3.1.2 (from Flask->-r requirements.txt (line 1))
  Downloading jinja2-3.1.6-py3-none-any.whl.metadata (2.9 kB)
Collecting markupsafe>=2.1.1 (from Flask->-r requirements.txt (line 1))
  Downloading markupsafe-3.0.3-cp313-cp313-manylinux2014_x86_64.manylinux_2_17_x86_64.manylinux_2_28_x86_64.whl.metadata (2.7 kB)
Collecting werkzeug>=3.1.0 (from Flask->-r requirements.txt (line 1))
  Downloading werkzeug-3.1.8-py3-none-any.whl.metadata (4.0 kB)
Collecting packaging (from gunicorn->-r requirements.txt (line 2))
  Downloading packaging-26.1-py3-none-any.whl.metadata (3.5 kB)
Collecting charset_normalizer<4,>=2 (from requests->-r requirements.txt (line 6))
  Downloading charset_normalizer-3.4.7-cp313-cp313-manylinux2014_x86_64.manylinux_2_17_x86_64.manylinux_2_28_x86_64.whl.metadata (40 kB)
Collecting idna<4,>=2.5 (from requests->-r requirements.txt (line 6))
  Downloading idna-3.11-py3-none-any.whl.metadata (8.4 kB)
Collecting urllib3<3,>=1.26 (from requests->-r requirements.txt (line 6))
  Downloading urllib3-2.6.3-py3-none-any.whl.metadata (6.9 kB)
Collecting certifi>=2023.5.7 (from requests->-r requirements.txt (line 6))
  Downloading certifi-2026.2.25-py3-none-any.whl.metadata (2.5 kB)
Downloading flask-3.1.3-py3-none-any.whl (103 kB)
Downloading gunicorn-25.3.0-py3-none-any.whl (208 kB)
Downloading pillow-12.2.0-cp313-cp313-manylinux_2_27_x86_64.manylinux_2_28_x86_64.whl (7.1 MB)
   ━━━━━━━━━━━━━━━━━━━━━━━━━━━━━━━━━━━━━━━━ 7.1/7.1 MB 194.9 MB/s eta 0:00:00
Downloading pdf2image-1.17.0-py3-none-any.whl (11 kB)
Downloading Unidecode-1.4.0-py3-none-any.whl (235 kB)
Downloading requests-2.33.1-py3-none-any.whl (64 kB)
Downloading blinker-1.9.0-py3-none-any.whl (8.5 kB)
Downloading certifi-2026.2.25-py3-none-any.whl (153 kB)
Downloading charset_normalizer-3.4.7-cp313-cp313-manylinux2014_x86_64.manylinux_2_17_x86_64.manylinux_2_28_x86_64.whl (215 kB)
Downloading click-8.3.2-py3-none-any.whl (108 kB)
Downloading idna-3.11-py3-none-any.whl (71 kB)
Downloading itsdangerous-2.2.0-py3-none-any.whl (16 kB)
Downloading jinja2-3.1.6-py3-none-any.whl (134 kB)
Downloading markupsafe-3.0.3-cp313-cp313-manylinux2014_x86_64.manylinux_2_17_x86_64.manylinux_2_28_x86_64.whl (22 kB)
Downloading urllib3-2.6.3-py3-none-any.whl (131 kB)
Downloading werkzeug-3.1.8-py3-none-any.whl (226 kB)
Downloading packaging-26.1-py3-none-any.whl (95 kB)
Installing collected packages: urllib3, unidecode, Pillow, packaging, markupsafe, itsdangerous, idna, click, charset_normalizer, certifi, blinker, werkzeug, requests, pdf2image, jinja2, gunicorn, Flask
Successfully installed Flask-3.1.3 Pillow-12.2.0 blinker-1.9.0 certifi-2026.2.25 charset_normalizer-3.4.7 click-8.3.2 gunicorn-25.3.0 idna-3.11 itsdangerous-2.2.0 jinja2-3.1.6 markupsafe-3.0.3 packaging-26.1 pdf2image-1.17.0 requests-2.33.1 unidecode-1.4.0 urllib3-2.6.3 werkzeug-3.1.8
[91mWARNING: Running pip as the 'root' user can result in broken permissions and conflicting behaviour with the system package manager, possibly rendering your system unusable.It is recommended to use a virtual environment instead: https://pip.pypa.io/warnings/venv. Use the --root-user-action option if you know what you are doing and want to suppress this warning.
[0m[91m
[notice] A new release of pip is available: 24.3.1 -> 26.0.1
[notice] To update, run: pip install --upgrade pip
[0m ---> Removed intermediate container 288357efa91f
 ---> 1375115b67e3
Step 7/10 : COPY web/ /app
 ---> dc9b5a2d5b66
Step 8/10 : EXPOSE 8080
 ---> Running in 7d31f5f42183
 ---> Removed intermediate container 7d31f5f42183
 ---> 2fdf14a51126
Step 9/10 : CMD ["gunicorn", "-w", "4", "-b", "0.0.0.0:8080", "app:app"]
 ---> Running in 330cb0d67a81
 ---> Removed intermediate container 330cb0d67a81
 ---> 53b6b08e0815
Step 10/10 : LABEL com.docker.compose.image.builder=classic
 ---> Running in eb2b402f45fc
 ---> Removed intermediate container eb2b402f45fc
 ---> e8c3e8c11a34
Successfully built e8c3e8c11a34
Successfully tagged project-app:latest
 Image project-app Built 
 Image project-app Built 
 Container Visio Creating 
 Container Visio Error response from daemon: Conflict. The container name "/Visio" is already in use by container "46cca7ba7849052422a56951b63cadded5f663e0015510665908f92fc0c1d470". You have to remove (or rename) that container to be able to reuse that name. 
Error response from daemon: Conflict. The container name "/Visio" is already in use by container "46cca7ba7849052422a56951b63cadded5f663e0015510665908f92fc0c1d470". You have to remove (or rename) that container to be able to reuse that name.
